2023-05-30 23:14:20 0 [Note] Starting MariaDB 10.4.28-MariaDB source revision c8f2e9a5c0ac5905f28b050b7df5a9ffd914b7e7 as process 10092
2023-05-30 23:14:20 0 [Note] InnoDB: Mutexes and rw_locks use Windows interlocked functions
2023-05-30 23:14:20 0 [Note] InnoDB: Uses event mutexes
2023-05-30 23:14:20 0 [Note] InnoDB: Compressed tables use zlib 1.2.12
2023-05-30 23:14:20 0 [Note] InnoDB: Number of pools: 1
2023-05-30 23:14:20 0 [Note] InnoDB: Using SSE2 crc32 instructions
2023-05-30 23:14:20 0 [Note] InnoDB: Initializing buffer pool, total size = 16M, instances = 1, chunk size = 16M
2023-05-30 23:14:20 0 [Note] InnoDB: Completed initialization of buffer pool
2023-05-30 23:14:20 0 [Note] InnoDB: Starting crash recovery from checkpoint LSN=300288
2023-05-30 23:14:20 0 [Note] InnoDB: 128 out of 128 rollback segments are active.
2023-05-30 23:14:20 0 [Note] InnoDB: Removed temporary tablespace data file: "ibtmp1"
2023-05-30 23:14:20 0 [Note] InnoDB: Creating shared tablespace for temporary tables
2023-05-30 23:14:20 0 [Note] InnoDB: Setting file 'D:\xampp\mysql\data\ibtmp1' size to 12 MB. Physically writing the file full; Please wait ...
2023-05-30 23:14:20 0 [Note] InnoDB: File 'D:\xampp\mysql\data\ibtmp1' size is now 12 MB.
2023-05-30 23:14:20 0 [Note] InnoDB: Waiting for purge to start
2023-05-30 23:14:20 0 [Note] InnoDB: 10.4.28 started; log sequence number 300297; transaction id 170
2023-05-30 23:14:20 0 [Note] InnoDB: Loading buffer pool(s) from D:\xampp\mysql\data\ib_buffer_pool
2023-05-30 23:14:20 0 [Note] Plugin 'FEEDBACK' is disabled.
2023-05-30 23:14:20 0 [Note] InnoDB: Buffer pool(s) load completed at 230530 23:14:20
2023-05-30 23:14:20 0 [Note] Server socket created on IP: '::'.
2023-05-31  6:19:45 0 [Note] Starting MariaDB 10.4.28-MariaDB source revision c8f2e9a5c0ac5905f28b050b7df5a9ffd914b7e7 as process 3784
2023-05-31  6:19:45 0 [Note] InnoDB: Mutexes and rw_locks use Windows interlocked functions
2023-05-31  6:19:45 0 [Note] InnoDB: Uses event mutexes
2023-05-31  6:19:45 0 [Note] InnoDB: Compressed tables use zlib 1.2.12
2023-05-31  6:19:45 0 [Note] InnoDB: Number of pools: 1
2023-05-31  6:19:45 0 [Note] InnoDB: Using SSE2 crc32 instructions
2023-05-31  6:19:45 0 [Note] InnoDB: Initializing buffer pool, total size = 16M, instances = 1, chunk size = 16M
2023-05-31  6:19:45 0 [Note] InnoDB: Completed initialization of buffer pool
2023-05-31  6:19:45 0 [Note] InnoDB: Starting crash recovery from checkpoint LSN=306442
2023-05-31  6:19:45 0 [Note] InnoDB: 128 out of 128 rollback segments are active.
2023-05-31  6:19:45 0 [Note] InnoDB: Removed temporary tablespace data file: "ibtmp1"
2023-05-31  6:19:45 0 [Note] InnoDB: Creating shared tablespace for temporary tables
2023-05-31  6:19:45 0 [Note] InnoDB: Setting file 'D:\xampp\mysql\data\ibtmp1' size to 12 MB. Physically writing the file full; Please wait ...
2023-05-31  6:19:45 0 [Note] InnoDB: File 'D:\xampp\mysql\data\ibtmp1' size is now 12 MB.
2023-05-31  6:19:45 0 [Note] InnoDB: Waiting for purge to start
2023-05-31  6:19:45 0 [Note] InnoDB: 10.4.28 started; log sequence number 306451; transaction id 207
2023-05-31  6:19:45 0 [Note] InnoDB: Loading buffer pool(s) from D:\xampp\mysql\data\ib_buffer_pool
2023-05-31  6:19:45 0 [Note] Plugin 'FEEDBACK' is disabled.
2023-05-31  6:19:45 0 [Note] Server socket created on IP: '::'.
2023-06-01  0:54:22 0 [Note] Starting MariaDB 10.4.28-MariaDB source revision c8f2e9a5c0ac5905f28b050b7df5a9ffd914b7e7 as process 3196
2023-06-01  0:54:22 0 [Note] InnoDB: Mutexes and rw_locks use Windows interlocked functions
2023-06-01  0:54:22 0 [Note] InnoDB: Uses event mutexes
2023-06-01  0:54:22 0 [Note] InnoDB: Compressed tables use zlib 1.2.12
2023-06-01  0:54:22 0 [Note] InnoDB: Number of pools: 1
2023-06-01  0:54:22 0 [Note] InnoDB: Using SSE2 crc32 instructions
2023-06-01  0:54:22 0 [Note] InnoDB: Initializing buffer pool, total size = 16M, instances = 1, chunk size = 16M
2023-06-01  0:54:22 0 [Note] InnoDB: Completed initialization of buffer pool
2023-06-01  0:54:22 0 [Note] InnoDB: Starting crash recovery from checkpoint LSN=552671
2023-06-01  0:54:22 0 [Note] InnoDB: 128 out of 128 rollback segments are active.
2023-06-01  0:54:22 0 [Note] InnoDB: Removed temporary tablespace data file: "ibtmp1"
2023-06-01  0:54:22 0 [Note] InnoDB: Creating shared tablespace for temporary tables
2023-06-01  0:54:22 0 [Note] InnoDB: Setting file 'D:\xampp\mysql\data\ibtmp1' size to 12 MB. Physically writing the file full; Please wait ...
2023-06-01  0:54:22 0 [Note] InnoDB: File 'D:\xampp\mysql\data\ibtmp1' size is now 12 MB.
2023-06-01  0:54:22 0 [Note] InnoDB: Waiting for purge to start
2023-06-01  0:54:22 0 [Note] InnoDB: 10.4.28 started; log sequence number 552680; transaction id 578
2023-06-01  0:54:22 0 [Note] InnoDB: Loading buffer pool(s) from D:\xampp\mysql\data\ib_buffer_pool
2023-06-01  0:54:22 0 [Note] Plugin 'FEEDBACK' is disabled.
2023-06-01  0:54:22 0 [Note] Server socket created on IP: '::'.
2023-06-02  3:53:29 0 [Note] Starting MariaDB 10.4.28-MariaDB source revision c8f2e9a5c0ac5905f28b050b7df5a9ffd914b7e7 as process 7848
2023-06-02  3:53:29 0 [Note] InnoDB: Mutexes and rw_locks use Windows interlocked functions
2023-06-02  3:53:29 0 [Note] InnoDB: Uses event mutexes
2023-06-02  3:53:29 0 [Note] InnoDB: Compressed tables use zlib 1.2.12
2023-06-02  3:53:29 0 [Note] InnoDB: Number of pools: 1
2023-06-02  3:53:29 0 [Note] InnoDB: Using SSE2 crc32 instructions
2023-06-02  3:53:29 0 [Note] InnoDB: Initializing buffer pool, total size = 16M, instances = 1, chunk size = 16M
2023-06-02  3:53:29 0 [Note] InnoDB: Completed initialization of buffer pool
2023-06-02  3:53:29 0 [Note] InnoDB: Starting crash recovery from checkpoint LSN=552689
2023-06-02  3:53:30 0 [Note] InnoDB: 128 out of 128 rollback segments are active.
2023-06-02  3:53:30 0 [Note] InnoDB: Removed temporary tablespace data file: "ibtmp1"
2023-06-02  3:53:30 0 [Note] InnoDB: Creating shared tablespace for temporary tables
2023-06-02  3:53:30 0 [Note] InnoDB: Setting file 'D:\xampp\mysql\data\ibtmp1' size to 12 MB. Physically writing the file full; Please wait ...
2023-06-02  3:53:30 0 [Note] InnoDB: File 'D:\xampp\mysql\data\ibtmp1' size is now 12 MB.
2023-06-02  3:53:30 0 [Note] InnoDB: Waiting for purge to start
2023-06-02  3:53:30 0 [Note] InnoDB: 10.4.28 started; log sequence number 552698; transaction id 578
2023-06-02  3:53:30 0 [Note] InnoDB: Loading buffer pool(s) from D:\xampp\mysql\data\ib_buffer_pool
2023-06-02  3:53:30 0 [Note] Plugin 'FEEDBACK' is disabled.
2023-06-02  3:53:30 0 [Note] Server socket created on IP: '::'.
2023-06-04  8:52:17 0 [Note] Starting MariaDB 10.4.28-MariaDB source revision c8f2e9a5c0ac5905f28b050b7df5a9ffd914b7e7 as process 4896
2023-06-04  8:52:17 0 [Note] InnoDB: Mutexes and rw_locks use Windows interlocked functions
2023-06-04  8:52:17 0 [Note] InnoDB: Uses event mutexes
2023-06-04  8:52:17 0 [Note] InnoDB: Compressed tables use zlib 1.2.12
2023-06-04  8:52:17 0 [Note] InnoDB: Number of pools: 1
2023-06-04  8:52:17 0 [Note] InnoDB: Using SSE2 crc32 instructions
2023-06-04  8:52:17 0 [Note] InnoDB: Initializing buffer pool, total size = 16M, instances = 1, chunk size = 16M
2023-06-04  8:52:17 0 [Note] InnoDB: Completed initialization of buffer pool
2023-06-04  8:52:17 0 [Note] InnoDB: Starting crash recovery from checkpoint LSN=570034
2023-06-04  8:52:17 0 [Note] InnoDB: 128 out of 128 rollback segments are active.
2023-06-04  8:52:17 0 [Note] InnoDB: Removed temporary tablespace data file: "ibtmp1"
2023-06-04  8:52:17 0 [Note] InnoDB: Creating shared tablespace for temporary tables
2023-06-04  8:52:17 0 [Note] InnoDB: Setting file 'D:\xampp\mysql\data\ibtmp1' size to 12 MB. Physically writing the file full; Please wait ...
2023-06-04  8:52:17 0 [Note] InnoDB: File 'D:\xampp\mysql\data\ibtmp1' size is now 12 MB.
2023-06-04  8:52:17 0 [Note] InnoDB: Waiting for purge to start
2023-06-04  8:52:17 0 [Note] InnoDB: 10.4.28 started; log sequence number 570043; transaction id 651
2023-06-04  8:52:17 0 [Note] InnoDB: Loading buffer pool(s) from D:\xampp\mysql\data\ib_buffer_pool
2023-06-04  8:52:17 0 [Note] Plugin 'FEEDBACK' is disabled.
2023-06-04  8:52:17 0 [Note] Server socket created on IP: '::'.
2023-06-04 10:23:15 0 [Note] Starting MariaDB 10.4.28-MariaDB source revision c8f2e9a5c0ac5905f28b050b7df5a9ffd914b7e7 as process 9252
2023-06-04 10:23:15 0 [Note] InnoDB: Mutexes and rw_locks use Windows interlocked functions
2023-06-04 10:23:15 0 [Note] InnoDB: Uses event mutexes
2023-06-04 10:23:15 0 [Note] InnoDB: Compressed tables use zlib 1.2.12
2023-06-04 10:23:15 0 [Note] InnoDB: Number of pools: 1
2023-06-04 10:23:15 0 [Note] InnoDB: Using SSE2 crc32 instructions
2023-06-04 10:23:15 0 [Note] InnoDB: Initializing buffer pool, total size = 16M, instances = 1, chunk size = 16M
2023-06-04 10:23:15 0 [Note] InnoDB: Completed initialization of buffer pool
2023-06-04 10:23:15 0 [Note] InnoDB: Starting crash recovery from checkpoint LSN=570353
2023-06-04 10:23:15 0 [Note] InnoDB: 128 out of 128 rollback segments are active.
2023-06-04 10:23:15 0 [Note] InnoDB: Removed temporary tablespace data file: "ibtmp1"
2023-06-04 10:23:15 0 [Note] InnoDB: Creating shared tablespace for temporary tables
2023-06-04 10:23:15 0 [Note] InnoDB: Setting file 'D:\xampp\mysql\data\ibtmp1' size to 12 MB. Physically writing the file full; Please wait ...
2023-06-04 10:23:15 0 [Note] InnoDB: File 'D:\xampp\mysql\data\ibtmp1' size is now 12 MB.
2023-06-04 10:23:15 0 [Note] InnoDB: Waiting for purge to start
2023-06-04 10:23:15 0 [Note] InnoDB: 10.4.28 started; log sequence number 570362; transaction id 674
2023-06-04 10:23:15 0 [Note] InnoDB: Loading buffer pool(s) from D:\xampp\mysql\data\ib_buffer_pool
2023-06-04 10:23:15 0 [Note] Plugin 'FEEDBACK' is disabled.
2023-06-04 10:23:15 0 [Note] Server socket created on IP: '::'.
2023-06-04 12:18:16 0 [Note] Starting MariaDB 10.4.28-MariaDB source revision c8f2e9a5c0ac5905f28b050b7df5a9ffd914b7e7 as process 15248
2023-06-04 12:18:16 0 [Note] InnoDB: Mutexes and rw_locks use Windows interlocked functions
2023-06-04 12:18:16 0 [Note] InnoDB: Uses event mutexes
2023-06-04 12:18:16 0 [Note] InnoDB: Compressed tables use zlib 1.2.12
2023-06-04 12:18:16 0 [Note] InnoDB: Number of pools: 1
2023-06-04 12:18:16 0 [Note] InnoDB: Using SSE2 crc32 instructions
2023-06-04 12:18:16 0 [Note] InnoDB: Initializing buffer pool, total size = 16M, instances = 1, chunk size = 16M
2023-06-04 12:18:16 0 [Note] InnoDB: Completed initialization of buffer pool
2023-06-04 12:18:16 0 [Note] InnoDB: Starting crash recovery from checkpoint LSN=573865
2023-06-04 12:18:17 0 [Note] InnoDB: 128 out of 128 rollback segments are active.
2023-06-04 12:18:17 0 [Note] InnoDB: Removed temporary tablespace data file: "ibtmp1"
2023-06-04 12:18:17 0 [Note] InnoDB: Creating shared tablespace for temporary tables
2023-06-04 12:18:17 0 [Note] InnoDB: Setting file 'D:\xampp\mysql\data\ibtmp1' size to 12 MB. Physically writing the file full; Please wait ...
2023-06-04 12:18:17 0 [Note] InnoDB: File 'D:\xampp\mysql\data\ibtmp1' size is now 12 MB.
2023-06-04 12:18:17 0 [Note] InnoDB: Waiting for purge to start
2023-06-04 12:18:17 0 [Note] InnoDB: 10.4.28 started; log sequence number 573874; transaction id 712
2023-06-04 12:18:17 0 [Note] InnoDB: Loading buffer pool(s) from D:\xampp\mysql\data\ib_buffer_pool
2023-06-04 12:18:17 0 [Note] Plugin 'FEEDBACK' is disabled.
2023-06-04 12:18:17 0 [Note] Server socket created on IP: '::'.
2023-06-04 12:26:19 0 [Note] Starting MariaDB 10.4.28-MariaDB source revision c8f2e9a5c0ac5905f28b050b7df5a9ffd914b7e7 as process 11444
2023-06-04 12:26:19 0 [Note] InnoDB: Mutexes and rw_locks use Windows interlocked functions
2023-06-04 12:26:19 0 [Note] InnoDB: Uses event mutexes
2023-06-04 12:26:19 0 [Note] InnoDB: Compressed tables use zlib 1.2.12
2023-06-04 12:26:19 0 [Note] InnoDB: Number of pools: 1
2023-06-04 12:26:19 0 [Note] InnoDB: Using SSE2 crc32 instructions
2023-06-04 12:26:19 0 [Note] InnoDB: Initializing buffer pool, total size = 16M, instances = 1, chunk size = 16M
2023-06-04 12:26:19 0 [Note] InnoDB: Completed initialization of buffer pool
2023-06-04 12:26:19 0 [Note] InnoDB: Starting crash recovery from checkpoint LSN=574200
2023-06-04 12:26:19 0 [Note] InnoDB: 128 out of 128 rollback segments are active.
2023-06-04 12:26:19 0 [Note] InnoDB: Removed temporary tablespace data file: "ibtmp1"
2023-06-04 12:26:19 0 [Note] InnoDB: Creating shared tablespace for temporary tables
2023-06-04 12:26:19 0 [Note] InnoDB: Setting file 'D:\xampp\mysql\data\ibtmp1' size to 12 MB. Physically writing the file full; Please wait ...
2023-06-04 12:26:19 0 [Note] InnoDB: File 'D:\xampp\mysql\data\ibtmp1' size is now 12 MB.
2023-06-04 12:26:19 0 [Note] InnoDB: Waiting for purge to start
2023-06-04 12:26:19 0 [Note] InnoDB: 10.4.28 started; log sequence number 574209; transaction id 735
2023-06-04 12:26:19 0 [Note] InnoDB: Loading buffer pool(s) from D:\xampp\mysql\data\ib_buffer_pool
2023-06-04 12:26:19 0 [Note] Plugin 'FEEDBACK' is disabled.
2023-06-04 12:26:19 0 [Note] Server socket created on IP: '::'.
2023-06-04 21:26:42 0 [Note] Starting MariaDB 10.4.28-MariaDB source revision c8f2e9a5c0ac5905f28b050b7df5a9ffd914b7e7 as process 5936
2023-06-04 21:26:42 0 [Note] InnoDB: Mutexes and rw_locks use Windows interlocked functions
2023-06-04 21:26:42 0 [Note] InnoDB: Uses event mutexes
2023-06-04 21:26:42 0 [Note] InnoDB: Compressed tables use zlib 1.2.12
2023-06-04 21:26:42 0 [Note] InnoDB: Number of pools: 1
2023-06-04 21:26:42 0 [Note] InnoDB: Using SSE2 crc32 instructions
2023-06-04 21:26:42 0 [Note] InnoDB: Initializing buffer pool, total size = 16M, instances = 1, chunk size = 16M
2023-06-04 21:26:42 0 [Note] InnoDB: Completed initialization of buffer pool
2023-06-04 21:26:42 0 [Note] InnoDB: Starting crash recovery from checkpoint LSN=601181
2023-06-04 21:26:42 0 [Note] InnoDB: 128 out of 128 rollback segments are active.
2023-06-04 21:26:42 0 [Note] InnoDB: Removed temporary tablespace data file: "ibtmp1"
2023-06-04 21:26:42 0 [Note] InnoDB: Creating shared tablespace for temporary tables
2023-06-04 21:26:42 0 [Note] InnoDB: Setting file 'D:\xampp\mysql\data\ibtmp1' size to 12 MB. Physically writing the file full; Please wait ...
2023-06-04 21:26:42 0 [Note] InnoDB: File 'D:\xampp\mysql\data\ibtmp1' size is now 12 MB.
2023-06-04 21:26:42 0 [Note] InnoDB: Waiting for purge to start
2023-06-04 21:26:42 0 [Note] InnoDB: 10.4.28 started; log sequence number 601190; transaction id 834
2023-06-04 21:26:42 0 [Note] InnoDB: Loading buffer pool(s) from D:\xampp\mysql\data\ib_buffer_pool
2023-06-04 21:26:42 0 [Note] Plugin 'FEEDBACK' is disabled.
2023-06-04 21:26:42 0 [Note] Server socket created on IP: '::'.
2023-06-07  3:15:13 0 [Note] Starting MariaDB 10.4.28-MariaDB source revision c8f2e9a5c0ac5905f28b050b7df5a9ffd914b7e7 as process 3584
2023-06-07  3:15:13 0 [Note] mysqld.exe: Aria engine: starting recovery
recovered pages: 0% 100% (0.0 seconds); 
2023-06-07  3:15:13 0 [Note] mysqld.exe: Aria engine: recovery done
2023-06-07  3:15:13 0 [Note] InnoDB: Mutexes and rw_locks use Windows interlocked functions
2023-06-07  3:15:13 0 [Note] InnoDB: Uses event mutexes
2023-06-07  3:15:13 0 [Note] InnoDB: Compressed tables use zlib 1.2.12
2023-06-07  3:15:13 0 [Note] InnoDB: Number of pools: 1
2023-06-07  3:15:13 0 [Note] InnoDB: Using SSE2 crc32 instructions
2023-06-07  3:15:13 0 [Note] InnoDB: Initializing buffer pool, total size = 16M, instances = 1, chunk size = 16M
2023-06-07  3:15:13 0 [Note] InnoDB: Completed initialization of buffer pool
2023-06-07  3:15:13 0 [Note] InnoDB: Starting crash recovery from checkpoint LSN=657612
2023-06-07  3:15:13 0 [Note] InnoDB: 128 out of 128 rollback segments are active.
2023-06-07  3:15:13 0 [Note] InnoDB: Removed temporary tablespace data file: "ibtmp1"
2023-06-07  3:15:13 0 [Note] InnoDB: Creating shared tablespace for temporary tables
2023-06-07  3:15:13 0 [Note] InnoDB: Setting file 'D:\xampp\mysql\data\ibtmp1' size to 12 MB. Physically writing the file full; Please wait ...
2023-06-07  3:15:13 0 [Note] InnoDB: File 'D:\xampp\mysql\data\ibtmp1' size is now 12 MB.
2023-06-07  3:15:13 0 [Note] InnoDB: Waiting for purge to start
2023-06-07  3:15:13 0 [Note] InnoDB: 10.4.28 started; log sequence number 657621; transaction id 1027
2023-06-07  3:15:13 0 [Note] InnoDB: Loading buffer pool(s) from D:\xampp\mysql\data\ib_buffer_pool
2023-06-07  3:15:13 0 [Note] Plugin 'FEEDBACK' is disabled.
2023-06-07  3:15:13 0 [Note] Server socket created on IP: '::'.
2023-06-07  9:58:41 0 [Note] Starting MariaDB 10.4.28-MariaDB source revision c8f2e9a5c0ac5905f28b050b7df5a9ffd914b7e7 as process 6012
2023-06-07  9:58:41 0 [Note] InnoDB: Mutexes and rw_locks use Windows interlocked functions
2023-06-07  9:58:41 0 [Note] InnoDB: Uses event mutexes
2023-06-07  9:58:41 0 [Note] InnoDB: Compressed tables use zlib 1.2.12
2023-06-07  9:58:41 0 [Note] InnoDB: Number of pools: 1
2023-06-07  9:58:41 0 [Note] InnoDB: Using SSE2 crc32 instructions
2023-06-07  9:58:41 0 [Note] InnoDB: Initializing buffer pool, total size = 16M, instances = 1, chunk size = 16M
2023-06-07  9:58:41 0 [Note] InnoDB: Completed initialization of buffer pool
2023-06-07  9:58:41 0 [Note] InnoDB: Starting crash recovery from checkpoint LSN=704346
2023-06-07  9:58:42 0 [Note] InnoDB: 128 out of 128 rollback segments are active.
2023-06-07  9:58:42 0 [Note] InnoDB: Removed temporary tablespace data file: "ibtmp1"
2023-06-07  9:58:42 0 [Note] InnoDB: Creating shared tablespace for temporary tables
2023-06-07  9:58:42 0 [Note] InnoDB: Setting file 'D:\xampp\mysql\data\ibtmp1' size to 12 MB. Physically writing the file full; Please wait ...
2023-06-07  9:58:42 0 [Note] InnoDB: File 'D:\xampp\mysql\data\ibtmp1' size is now 12 MB.
2023-06-07  9:58:42 0 [Note] InnoDB: Waiting for purge to start
2023-06-07  9:58:42 0 [Note] InnoDB: 10.4.28 started; log sequence number 704355; transaction id 1132
2023-06-07  9:58:42 0 [Note] InnoDB: Loading buffer pool(s) from D:\xampp\mysql\data\ib_buffer_pool
2023-06-07  9:58:42 0 [Note] Plugin 'FEEDBACK' is disabled.
2023-06-07  9:58:42 0 [Note] Server socket created on IP: '::'.
2023-06-07 17:42:47 0 [Note] Starting MariaDB 10.4.28-MariaDB source revision c8f2e9a5c0ac5905f28b050b7df5a9ffd914b7e7 as process 13116
2023-06-07 17:42:47 0 [Note] InnoDB: Mutexes and rw_locks use Windows interlocked functions
2023-06-07 17:42:47 0 [Note] InnoDB: Uses event mutexes
2023-06-07 17:42:47 0 [Note] InnoDB: Compressed tables use zlib 1.2.12
2023-06-07 17:42:47 0 [Note] InnoDB: Number of pools: 1
2023-06-07 17:42:47 0 [Note] InnoDB: Using SSE2 crc32 instructions
2023-06-07 17:42:47 0 [Note] InnoDB: Initializing buffer pool, total size = 16M, instances = 1, chunk size = 16M
2023-06-07 17:42:47 0 [Note] InnoDB: Completed initialization of buffer pool
2023-06-07 17:42:47 0 [Note] InnoDB: Starting crash recovery from checkpoint LSN=706986
2023-06-07 17:42:47 0 [Note] InnoDB: 128 out of 128 rollback segments are active.
2023-06-07 17:42:47 0 [Note] InnoDB: Removed temporary tablespace data file: "ibtmp1"
2023-06-07 17:42:47 0 [Note] InnoDB: Creating shared tablespace for temporary tables
2023-06-07 17:42:47 0 [Note] InnoDB: Setting file 'D:\xampp\mysql\data\ibtmp1' size to 12 MB. Physically writing the file full; Please wait ...
2023-06-07 17:42:47 0 [Note] InnoDB: File 'D:\xampp\mysql\data\ibtmp1' size is now 12 MB.
2023-06-07 17:42:47 0 [Note] InnoDB: Waiting for purge to start
2023-06-07 17:42:47 0 [Note] InnoDB: 10.4.28 started; log sequence number 706995; transaction id 1166
2023-06-07 17:42:47 0 [Note] InnoDB: Loading buffer pool(s) from D:\xampp\mysql\data\ib_buffer_pool
2023-06-07 17:42:47 0 [Note] Plugin 'FEEDBACK' is disabled.
2023-06-07 17:42:47 0 [Note] Server socket created on IP: '::'.
2023-06-10 21:11:21 0 [Note] Starting MariaDB 10.4.28-MariaDB source revision c8f2e9a5c0ac5905f28b050b7df5a9ffd914b7e7 as process 12944
2023-06-10 21:11:21 0 [Note] InnoDB: Mutexes and rw_locks use Windows interlocked functions
2023-06-10 21:11:21 0 [Note] InnoDB: Uses event mutexes
2023-06-10 21:11:21 0 [Note] InnoDB: Compressed tables use zlib 1.2.12
2023-06-10 21:11:21 0 [Note] InnoDB: Number of pools: 1
2023-06-10 21:11:21 0 [Note] InnoDB: Using SSE2 crc32 instructions
2023-06-10 21:11:21 0 [Note] InnoDB: Initializing buffer pool, total size = 16M, instances = 1, chunk size = 16M
2023-06-10 21:11:21 0 [Note] InnoDB: Completed initialization of buffer pool
2023-06-10 21:11:21 0 [Note] InnoDB: Starting crash recovery from checkpoint LSN=707057
2023-06-10 21:11:21 0 [Note] InnoDB: 128 out of 128 rollback segments are active.
2023-06-10 21:11:21 0 [Note] InnoDB: Removed temporary tablespace data file: "ibtmp1"
2023-06-10 21:11:21 0 [Note] InnoDB: Creating shared tablespace for temporary tables
2023-06-10 21:11:21 0 [Note] InnoDB: Setting file 'D:\xampp\mysql\data\ibtmp1' size to 12 MB. Physically writing the file full; Please wait ...
2023-06-10 21:11:21 0 [Note] InnoDB: File 'D:\xampp\mysql\data\ibtmp1' size is now 12 MB.
2023-06-10 21:11:21 0 [Note] InnoDB: Waiting for purge to start
2023-06-10 21:11:21 0 [Note] InnoDB: 10.4.28 started; log sequence number 707066; transaction id 1166
2023-06-10 21:11:21 0 [Note] InnoDB: Loading buffer pool(s) from D:\xampp\mysql\data\ib_buffer_pool
2023-06-10 21:11:21 0 [Note] Plugin 'FEEDBACK' is disabled.
2023-06-10 21:11:21 0 [Note] Server socket created on IP: '::'.
2023-06-12 12:45:58 0 [Note] Starting MariaDB 10.4.28-MariaDB source revision c8f2e9a5c0ac5905f28b050b7df5a9ffd914b7e7 as process 912
2023-06-12 12:45:58 0 [Note] InnoDB: Mutexes and rw_locks use Windows interlocked functions
2023-06-12 12:45:58 0 [Note] InnoDB: Uses event mutexes
2023-06-12 12:45:58 0 [Note] InnoDB: Compressed tables use zlib 1.2.12
2023-06-12 12:45:58 0 [Note] InnoDB: Number of pools: 1
2023-06-12 12:45:58 0 [Note] InnoDB: Using SSE2 crc32 instructions
2023-06-12 12:45:58 0 [Note] InnoDB: Initializing buffer pool, total size = 16M, instances = 1, chunk size = 16M
2023-06-12 12:45:58 0 [Note] InnoDB: Completed initialization of buffer pool
2023-06-12 12:45:58 0 [Note] InnoDB: Starting crash recovery from checkpoint LSN=707091
2023-06-12 12:45:58 0 [Note] InnoDB: 128 out of 128 rollback segments are active.
2023-06-12 12:45:58 0 [Note] InnoDB: Removed temporary tablespace data file: "ibtmp1"
2023-06-12 12:45:58 0 [Note] InnoDB: Creating shared tablespace for temporary tables
2023-06-12 12:45:58 0 [Note] InnoDB: Setting file 'D:\xampp\mysql\data\ibtmp1' size to 12 MB. Physically writing the file full; Please wait ...
2023-06-12 12:45:58 0 [Note] InnoDB: File 'D:\xampp\mysql\data\ibtmp1' size is now 12 MB.
2023-06-12 12:45:58 0 [Note] InnoDB: Waiting for purge to start
2023-06-12 12:45:58 0 [Note] InnoDB: 10.4.28 started; log sequence number 707100; transaction id 1166
2023-06-12 12:45:58 0 [Note] InnoDB: Loading buffer pool(s) from D:\xampp\mysql\data\ib_buffer_pool
2023-06-12 12:45:58 0 [Note] Plugin 'FEEDBACK' is disabled.
2023-06-12 12:45:58 0 [Note] Server socket created on IP: '::'.
2023-06-14 20:24:08 0 [Note] Starting MariaDB 10.4.28-MariaDB source revision c8f2e9a5c0ac5905f28b050b7df5a9ffd914b7e7 as process 3332
2023-06-14 20:24:08 0 [Note] InnoDB: Mutexes and rw_locks use Windows interlocked functions
2023-06-14 20:24:08 0 [Note] InnoDB: Uses event mutexes
2023-06-14 20:24:08 0 [Note] InnoDB: Compressed tables use zlib 1.2.12
2023-06-14 20:24:08 0 [Note] InnoDB: Number of pools: 1
2023-06-14 20:24:08 0 [Note] InnoDB: Using SSE2 crc32 instructions
2023-06-14 20:24:08 0 [Note] InnoDB: Initializing buffer pool, total size = 16M, instances = 1, chunk size = 16M
2023-06-14 20:24:08 0 [Note] InnoDB: Completed initialization of buffer pool
2023-06-14 20:24:08 0 [Note] InnoDB: Starting crash recovery from checkpoint LSN=907836
2023-06-14 20:24:08 0 [Note] InnoDB: 128 out of 128 rollback segments are active.
2023-06-14 20:24:08 0 [Note] InnoDB: Removed temporary tablespace data file: "ibtmp1"
2023-06-14 20:24:08 0 [Note] InnoDB: Creating shared tablespace for temporary tables
2023-06-14 20:24:08 0 [Note] InnoDB: Setting file 'D:\xampp\mysql\data\ibtmp1' size to 12 MB. Physically writing the file full; Please wait ...
2023-06-14 20:24:08 0 [Note] InnoDB: File 'D:\xampp\mysql\data\ibtmp1' size is now 12 MB.
2023-06-14 20:24:08 0 [Note] InnoDB: Waiting for purge to start
2023-06-14 20:24:08 0 [Note] InnoDB: 10.4.28 started; log sequence number 907845; transaction id 1449
2023-06-14 20:24:08 0 [Note] InnoDB: Loading buffer pool(s) from D:\xampp\mysql\data\ib_buffer_pool
2023-06-14 20:24:08 0 [Note] Plugin 'FEEDBACK' is disabled.
2023-06-14 20:24:08 0 [Note] Server socket created on IP: '::'.
2023-06-15 23:21:23 0 [Note] Starting MariaDB 10.4.28-MariaDB source revision c8f2e9a5c0ac5905f28b050b7df5a9ffd914b7e7 as process 9652
2023-06-15 23:21:23 0 [Note] InnoDB: Mutexes and rw_locks use Windows interlocked functions
2023-06-15 23:21:23 0 [Note] InnoDB: Uses event mutexes
2023-06-15 23:21:23 0 [Note] InnoDB: Compressed tables use zlib 1.2.12
2023-06-15 23:21:23 0 [Note] InnoDB: Number of pools: 1
2023-06-15 23:21:23 0 [Note] InnoDB: Using SSE2 crc32 instructions
2023-06-15 23:21:23 0 [Note] InnoDB: Initializing buffer pool, total size = 16M, instances = 1, chunk size = 16M
2023-06-15 23:21:23 0 [Note] InnoDB: Completed initialization of buffer pool
2023-06-15 23:21:23 0 [Note] InnoDB: Starting crash recovery from checkpoint LSN=907854
2023-06-15 23:21:24 0 [Note] InnoDB: 128 out of 128 rollback segments are active.
2023-06-15 23:21:24 0 [Note] InnoDB: Removed temporary tablespace data file: "ibtmp1"
2023-06-15 23:21:24 0 [Note] InnoDB: Creating shared tablespace for temporary tables
2023-06-15 23:21:24 0 [Note] InnoDB: Setting file 'D:\xampp\mysql\data\ibtmp1' size to 12 MB. Physically writing the file full; Please wait ...
2023-06-15 23:21:24 0 [Note] InnoDB: File 'D:\xampp\mysql\data\ibtmp1' size is now 12 MB.
2023-06-15 23:21:24 0 [Note] InnoDB: Waiting for purge to start
2023-06-15 23:21:24 0 [Note] InnoDB: 10.4.28 started; log sequence number 907863; transaction id 1449
2023-06-15 23:21:24 0 [Note] InnoDB: Loading buffer pool(s) from D:\xampp\mysql\data\ib_buffer_pool
2023-06-15 23:21:24 0 [Note] Plugin 'FEEDBACK' is disabled.
2023-06-15 23:21:24 0 [Note] Server socket created on IP: '::'.
2023-06-16  7:29:38 0 [Note] Starting MariaDB 10.4.28-MariaDB source revision c8f2e9a5c0ac5905f28b050b7df5a9ffd914b7e7 as process 2900
2023-06-16  7:29:38 0 [Note] InnoDB: Mutexes and rw_locks use Windows interlocked functions
2023-06-16  7:29:38 0 [Note] InnoDB: Uses event mutexes
2023-06-16  7:29:38 0 [Note] InnoDB: Compressed tables use zlib 1.2.12
2023-06-16  7:29:38 0 [Note] InnoDB: Number of pools: 1
2023-06-16  7:29:38 0 [Note] InnoDB: Using SSE2 crc32 instructions
2023-06-16  7:29:38 0 [Note] InnoDB: Initializing buffer pool, total size = 16M, instances = 1, chunk size = 16M
2023-06-16  7:29:38 0 [Note] InnoDB: Completed initialization of buffer pool
2023-06-16  7:29:38 0 [Note] InnoDB: Starting crash recovery from checkpoint LSN=911971
2023-06-16  7:29:38 0 [Note] InnoDB: 128 out of 128 rollback segments are active.
2023-06-16  7:29:38 0 [Note] InnoDB: Removed temporary tablespace data file: "ibtmp1"
2023-06-16  7:29:38 0 [Note] InnoDB: Creating shared tablespace for temporary tables
2023-06-16  7:29:38 0 [Note] InnoDB: Setting file 'D:\xampp\mysql\data\ibtmp1' size to 12 MB. Physically writing the file full; Please wait ...
2023-06-16  7:29:38 0 [Note] InnoDB: File 'D:\xampp\mysql\data\ibtmp1' size is now 12 MB.
2023-06-16  7:29:38 0 [Note] InnoDB: Waiting for purge to start
2023-06-16  7:29:38 0 [Note] InnoDB: 10.4.28 started; log sequence number 911980; transaction id 1487
2023-06-16  7:29:38 0 [Note] InnoDB: Loading buffer pool(s) from D:\xampp\mysql\data\ib_buffer_pool
2023-06-16  7:29:38 0 [Note] Plugin 'FEEDBACK' is disabled.
2023-06-16  7:29:38 0 [Note] Server socket created on IP: '::'.
